21:44:50.179 Got a kill message. Killing runner.
22:41:43.293 Killing Gauge daemon. Parent process with pid 4412 has terminated.
t status 1).
21:48:40.925 Error while killing runner: invalid argument
21:48:40.925 Killing Gauge daemon. Runner with pid 4504 quit unexpectedly(exit status 1).
22:11:39.659 Checking updates...
22:11:46.833 # Specification Heading
22:11:46.837 ## Scenario Heading
22:11:46.859 * Setting up environment to run Android for Appium

22:11:57.238 * Validate that the application can read the text of "Bullshit"

22:12:05.927 * Closing the driver
22:12:09.851 Plugin [Html Report] with pid [1748] has exited
22:12:09.952 Specifications:	1 executed	1 passed	0 failed	0 skipped
22:12:09.952 Scenarios:	1 executed	1 passed	0 failed	0 skipped
22:12:09.972 
Total time taken: 20.966s
22:12:09.982 Updates are available. Run gauge --check-updates for more info.
22:21:44.385 Checking updates...
22:21:50.142 # Specification Heading
22:21:50.146 ## Scenario Heading
22:21:50.150 * Setting up environment to run Android for Appium

22:21:58.386 * Validate that the application can read the text 

     |Text To Read |
     |-------------|
     |Zocor        |
     |Synthroid    |
     |Hydrocodon...|
     |Azithromyc...|
     |Hydrochlor...|
22:22:59.165 * Closing the driver
22:23:00.856 Plugin [Html Report] with pid [3904] has exited
22:23:00.958 Specifications:	1 executed	1 passed	0 failed	0 skipped
22:23:00.958 Scenarios:	1 executed	1 passed	0 failed	0 skipped
22:23:00.958 
Total time taken: 1m10.659s
22:23:00.958 Updates are available. Run gauge --check-updates for more info.
22:30:40.987 Checking updates...
22:30:46.444 # Speak Test Specification
22:30:46.451 ## TTS Testing Scenario
22:30:46.458 * Setting up environment to run Android in Appium

22:30:54.548 * Validate that the application can read the text 

     |Text To Speech                        |
     |--------------------------------------|
     |Behavioral Driven Testing using Appium|
     |Mitra Innovation                      |
     |Software Test Automation              |
     |Gauge Framework                       |
     |Selenium Java                         |
22:31:57.067 * Closing the driver
22:31:58.856 Plugin [Html Report] with pid [1180] has exited
22:31:58.957 Specifications:	1 executed	1 passed	0 failed	0 skipped
22:31:58.957 Scenarios:	1 executed	1 passed	0 failed	0 skipped
22:31:58.957 
Total time taken: 1m12.297s
22:31:58.957 Updates are available. Run gauge --check-updates for more info.
22:35:43.697 Checking updates...
22:35:52.705 # Speak Test Specification
22:35:52.710 ## TTS Testing Scenario
22:35:52.715 * Setting up environment to run Android in Appium

22:36:02.461 * Validate that the application can read the text 

     |Text To Speech                        |
     |--------------------------------------|
     |Behavioral Driven Testing using Appium|
     |Mitra Innovation                      |
     |Software Test Automation              |
     |Gauge Framework                       |
     |Selenium Java                         |
22:37:03.570 * Closing the driver
22:37:05.467 Plugin [Html Report] with pid [268] has exited
22:37:05.568 Specifications:	1 executed	1 passed	0 failed	0 skipped
22:37:05.568 Scenarios:	1 executed	1 passed	0 failed	0 skipped
22:37:05.568 
Total time taken: 1m12.686s
22:37:05.568 Updates are available. Run gauge --check-updates for more info.
22:38:03.024 Got a kill message. Killing runner.
22:38:07.122 Killing runner with PID:4756 forcefully
22:39:31.553 Checking updates...
22:39:38.058 # Speak Test Specification
22:39:38.062 ## TTS Testing Scenario
22:39:38.067 * Setting up environment to run Android in Appium

22:39:46.709 * Validate that the application can read the text 

     |Text To Speech                        |
     |--------------------------------------|
     |Behavioral Driven Testing using Appium|
     |Mitra Innovation                      |
     |Software Test Automation              |
     |Gauge Framework                       |
     |Selenium Java                         |
22:40:48.982 * Closing the driver
22:40:50.676 Plugin [Html Report] with pid [8424] has exited
22:40:50.778 Specifications:	1 executed	1 passed	0 failed	0 skipped
22:40:50.778 Scenarios:	1 executed	1 passed	0 failed	0 skipped
22:40:50.778 
Total time taken: 1m12.583s
22:40:50.778 Updates are available. Run gauge --check-updates for more info.
10:40:18.622 Got a kill message. Killing runner.
10:40:22.712 Killing runner with PID:8480 forcefully
11:07:15.205 Checking updates...
11:07:20.031 # Speak Test Specification
11:07:20.035 ## TTS Testing Scenario
11:07:20.043 * Setting up environment to run Android in Appium

11:07:30.429 * Validate that the application can read the text <table:/resources/TextToSpeech.csv>

11:08:32.507 * Closing the driver
11:08:34.493 Plugin [Html Report] with pid [7648] has exited
11:08:34.594 Specifications:	1 executed	1 passed	0 failed	0 skipped
11:08:34.594 Scenarios:	1 executed	1 passed	0 failed	0 skipped
11:08:34.609 
Total time taken: 1m14.364s
11:08:34.618 Updates are available. Run gauge --check-updates for more info.
11:12:18.226 Checking updates...
11:12:23.916 # Speak Test Specification
11:12:23.921 ## TTS Testing Scenario
11:12:23.927 * Setting up environment to run Android in Appium

11:12:32.285 * Validate that the application can read the text 

     |Text To Speech                        |
     |--------------------------------------|
     |Behavioral Driven Testing using Appium|
     |Mitra Innovation                      |
     |Software Test Automation              |
     |Gauge Framework                       |
     |Selenium Java                         |
11:13:34.889 * Closing the driver
11:13:36.546 Plugin [Html Report] with pid [2968] has exited
11:13:36.715 Specifications:	1 executed	1 passed	0 failed	0 skipped
11:13:36.715 Scenarios:	1 executed	1 passed	0 failed	0 skipped
11:13:36.715 
Total time taken: 1m12.623s
11:13:36.715 Updates are available. Run gauge --check-updates for more info.
11:15:12.465 Checking updates...
11:15:18.557 # Speak Test Specification
11:15:18.561 ## TTS Testing Scenario
11:15:18.565 * Setting up environment to run Android in Appium

11:15:26.862 * Validate that the application can read the text 

     |Text To Speech                        |
     |--------------------------------------|
     |Behavioral Driven Testing using Appium|
     |Mitra Innovation                      |
     |Software Test Automation              |
     |Gauge Framework                       |
     |Selenium Java                         |
11:16:29.290 * Closing the driver
11:16:31.038 Plugin [Html Report] with pid [2096] has exited
11:16:31.140 Specifications:	1 executed	1 passed	0 failed	0 skipped
11:16:31.140 Scenarios:	1 executed	1 passed	0 failed	0 skipped
11:16:31.140 
Total time taken: 1m12.368s
11:16:31.140 Updates are available. Run gauge --check-updates for more info.
20:03:03.310 Got a kill message. Killing runner.
20:03:07.346 Killing runner with PID:4620 forcefully
20:04:20.210 Checking updates...
20:04:26.894 # Speak Test Specification
20:04:26.898 ## TTS Testing Scenario
20:04:26.935 * Setting up environment to run Android in Appium

20:04:37.958 * Validate that the application can read the text 

     |Text To Speech                        |
     |--------------------------------------|
     |Behavioral Driven Testing using Appium|
     |Mitra Innovation                      |
     |Software Test Automation              |
     |Gauge Framework                       |
     |Selenium Java                         |
20:05:39.037 * Closing the driver
20:05:41.200 Plugin [Html Report] with pid [7372] has exited
20:05:41.300 Specifications:	1 executed	1 passed	0 failed	0 skipped
20:05:41.300 Scenarios:	1 executed	1 passed	0 failed	0 skipped
20:05:41.304 
Total time taken: 1m14.175s
20:05:41.314 Updates are available. Run gauge --check-updates for more info.
11:55:00.864 Checking updates...
11:55:07.929 # Speak Test Specification
11:55:07.930 ## TTS Testing Scenario
11:55:07.933 * Setting up environment to run Android in Appium

11:55:11.852 
Failed Step: Setting up environment to run Android in Appium
11:55:11.852 Specification: specs\SpeakTest.spec:8
11:55:11.852 Error Message: org.openqa.selenium.WebDriverException: An unknown server-side error occurred while processing the command. Original error: Could not find adb Please set the ANDROID_HOME environment variable with the Android SDK root directory path. (WARNING: The server did not provide any stacktrace information)
Command duration or timeout: 2.43 seconds
Build info: version: '2.46.0', revision: '61506a4624b13675f24581e453592342b7485d71', time: '2015-06-04 10:22:50'
System info: host: 'Mitrai-OsandaN', ip: '192.168.200.127', os.name: 'Windows 10', os.arch: 'amd64', os.version: '10.0', java.version: '1.8.0_121'
Driver info: io.appium.java_client.android.AndroidDriver
11:55:11.852 Stacktrace: 
sun.reflect.NativeConstructorAccessorImpl.newInstance0(Native Method)
sun.reflect.NativeConstructorAccessorImpl.newInstance(NativeConstructorAccessorImpl.java:62)
sun.reflect.DelegatingConstructorAccessorImpl.newInstance(DelegatingConstructorAccessorImpl.java:45)
java.lang.reflect.Constructor.newInstance(Constructor.java:423)
org.openqa.selenium.remote.ErrorHandler.createThrowable(ErrorHandler.java:204)
org.openqa.selenium.remote.ErrorHandler.throwIfResponseFailed(ErrorHandler.java:156)
org.openqa.selenium.remote.RemoteWebDriver.execute(RemoteWebDriver.java:605)
io.appium.java_client.DefaultGenericMobileDriver.execute(DefaultGenericMobileDriver.java:27)
io.appium.java_client.AppiumDriver.execute(AppiumDriver.java:1)
io.appium.java_client.android.AndroidDriver.execute(AndroidDriver.java:1)
org.openqa.selenium.remote.RemoteWebDriver.startSession(RemoteWebDriver.java:242)
org.openqa.selenium.remote.RemoteWebDriver.<init>(RemoteWebDriver.java:128)
org.openqa.selenium.remote.RemoteWebDriver.<init>(RemoteWebDriver.java:155)
io.appium.java_client.DefaultGenericMobileDriver.<init>(DefaultGenericMobileDriver.java:22)
io.appium.java_client.AppiumDriver.<init>(AppiumDriver.java:202)
io.appium.java_client.android.AndroidDriver.<init>(AndroidDriver.java:50)
scenarios.AndroidSetup.prepareAndroidForAppium(AndroidSetup.java:57)
scenarios.TestScenario.setUp(TestScenario.java:23)
sun.reflect.NativeMethodAccessorImpl.invoke0(Native Method)
sun.reflect.NativeMethodAccessorImpl.invoke(NativeMethodAccessorImpl.java:62)
sun.reflect.DelegatingMethodAccessorImpl.invoke(DelegatingMethodAccessorImpl.java:43)
java.lang.reflect.Method.invoke(Method.java:498)
com.thoughtworks.gauge.execution.MethodExecutor.execute(MethodExecutor.java:38)
com.thoughtworks.gauge.execution.StepExecutionStage.executeStepMethod(StepExecutionStage.java:132)
com.thoughtworks.gauge.execution.StepExecutionStage.executeStep(StepExecutionStage.java:86)
com.thoughtworks.gauge.execution.StepExecutionStage.execute(StepExecutionStage.java:67)
com.thoughtworks.gauge.execution.AbstractExecutionStage.executeNext(AbstractExecutionStage.java:24)
com.thoughtworks.gauge.execution.HookExecutionStage.execute(HookExecutionStage.java:43)
com.thoughtworks.gauge.execution.ExecutionPipeline.start(ExecutionPipeline.java:29)
com.thoughtworks.gauge.processor.ExecuteStepProcessor.process(ExecuteStepProcessor.java:39)
com.thoughtworks.gauge.connection.MessageDispatcher.dispatchMessages(MessageDispatcher.java:89)
com.thoughtworks.gauge.GaugeRuntime.dispatchMessages(GaugeRuntime.java:104)
com.thoughtworks.gauge.GaugeRuntime.access$100(GaugeRuntime.java:36)
com.thoughtworks.gauge.GaugeRuntime$2.run(GaugeRuntime.java:85)
java.lang.Thread.run(Thread.java:745)
11:55:11.852 * Closing the driver
11:55:12.170 
Failed Step: Closing the driver
11:55:12.170 Specification: specs\SpeakTest.spec:27
11:55:12.170 Error Message: java.lang.NullPointerException
11:55:12.170 Stacktrace: 
scenarios.TestScenario.after(TestScenario.java:52)
sun.reflect.NativeMethodAccessorImpl.invoke0(Native Method)
sun.reflect.NativeMethodAccessorImpl.invoke(NativeMethodAccessorImpl.java:62)
sun.reflect.DelegatingMethodAccessorImpl.invoke(DelegatingMethodAccessorImpl.java:43)
java.lang.reflect.Method.invoke(Method.java:498)
com.thoughtworks.gauge.execution.MethodExecutor.execute(MethodExecutor.java:38)
com.thoughtworks.gauge.execution.StepExecutionStage.executeStepMethod(StepExecutionStage.java:132)
com.thoughtworks.gauge.execution.StepExecutionStage.executeStep(StepExecutionStage.java:86)
com.thoughtworks.gauge.execution.StepExecutionStage.execute(StepExecutionStage.java:67)
com.thoughtworks.gauge.execution.AbstractExecutionStage.executeNext(AbstractExecutionStage.java:24)
com.thoughtworks.gauge.execution.HookExecutionStage.execute(HookExecutionStage.java:43)
com.thoughtworks.gauge.execution.ExecutionPipeline.start(ExecutionPipeline.java:29)
com.thoughtworks.gauge.processor.ExecuteStepProcessor.process(ExecuteStepProcessor.java:39)
com.thoughtworks.gauge.connection.MessageDispatcher.dispatchMessages(MessageDispatcher.java:89)
com.thoughtworks.gauge.GaugeRuntime.dispatchMessages(GaugeRuntime.java:104)
com.thoughtworks.gauge.GaugeRuntime.access$100(GaugeRuntime.java:36)
com.thoughtworks.gauge.GaugeRuntime$2.run(GaugeRuntime.java:85)
java.lang.Thread.run(Thread.java:745)
11:55:12.593 Plugin [Html Report] with pid [8312] has exited
11:55:13.097 Specifications:	1 executed	0 passed	1 failed	0 skipped
11:55:13.097 Scenarios:	1 executed	0 passed	1 failed	0 skipped
11:55:13.097 
Total time taken: 4.796s
11:56:07.920 Checking updates...
11:56:12.424 # Speak Test Specification
11:56:12.425 ## TTS Testing Scenario
11:56:12.428 * Setting up environment to run Android in Appium

11:56:14.324 
Failed Step: Setting up environment to run Android in Appium
11:56:14.324 Specification: specs\SpeakTest.spec:8
11:56:14.324 Error Message: org.openqa.selenium.WebDriverException: An unknown server-side error occurred while processing the command. Original error: Could not find adb Please set the ANDROID_HOME environment variable with the Android SDK root directory path. (WARNING: The server did not provide any stacktrace information)
Command duration or timeout: 703 milliseconds
Build info: version: '2.46.0', revision: '61506a4624b13675f24581e453592342b7485d71', time: '2015-06-04 10:22:50'
System info: host: 'Mitrai-OsandaN', ip: '192.168.200.127', os.name: 'Windows 10', os.arch: 'amd64', os.version: '10.0', java.version: '1.8.0_121'
Driver info: io.appium.java_client.android.AndroidDriver
11:56:14.324 Stacktrace: 
sun.reflect.NativeConstructorAccessorImpl.newInstance0(Native Method)
sun.reflect.NativeConstructorAccessorImpl.newInstance(NativeConstructorAccessorImpl.java:62)
sun.reflect.DelegatingConstructorAccessorImpl.newInstance(DelegatingConstructorAccessorImpl.java:45)
java.lang.reflect.Constructor.newInstance(Constructor.java:423)
org.openqa.selenium.remote.ErrorHandler.createThrowable(ErrorHandler.java:204)
org.openqa.selenium.remote.ErrorHandler.throwIfResponseFailed(ErrorHandler.java:156)
org.openqa.selenium.remote.RemoteWebDriver.execute(RemoteWebDriver.java:605)
io.appium.java_client.DefaultGenericMobileDriver.execute(DefaultGenericMobileDriver.java:27)
io.appium.java_client.AppiumDriver.execute(AppiumDriver.java:1)
io.appium.java_client.android.AndroidDriver.execute(AndroidDriver.java:1)
org.openqa.selenium.remote.RemoteWebDriver.startSession(RemoteWebDriver.java:242)
org.openqa.selenium.remote.RemoteWebDriver.<init>(RemoteWebDriver.java:128)
org.openqa.selenium.remote.RemoteWebDriver.<init>(RemoteWebDriver.java:155)
io.appium.java_client.DefaultGenericMobileDriver.<init>(DefaultGenericMobileDriver.java:22)
io.appium.java_client.AppiumDriver.<init>(AppiumDriver.java:202)
io.appium.java_client.android.AndroidDriver.<init>(AndroidDriver.java:50)
scenarios.AndroidSetup.prepareAndroidForAppium(AndroidSetup.java:57)
scenarios.TestScenario.setUp(TestScenario.java:23)
sun.reflect.NativeMethodAccessorImpl.invoke0(Native Method)
sun.reflect.NativeMethodAccessorImpl.invoke(NativeMethodAccessorImpl.java:62)
sun.reflect.DelegatingMethodAccessorImpl.invoke(DelegatingMethodAccessorImpl.java:43)
java.lang.reflect.Method.invoke(Method.java:498)
com.thoughtworks.gauge.execution.MethodExecutor.execute(MethodExecutor.java:38)
com.thoughtworks.gauge.execution.StepExecutionStage.executeStepMethod(StepExecutionStage.java:132)
com.thoughtworks.gauge.execution.StepExecutionStage.executeStep(StepExecutionStage.java:86)
com.thoughtworks.gauge.execution.StepExecutionStage.execute(StepExecutionStage.java:67)
com.thoughtworks.gauge.execution.AbstractExecutionStage.executeNext(AbstractExecutionStage.java:24)
com.thoughtworks.gauge.execution.HookExecutionStage.execute(HookExecutionStage.java:43)
com.thoughtworks.gauge.execution.ExecutionPipeline.start(ExecutionPipeline.java:29)
com.thoughtworks.gauge.processor.ExecuteStepProcessor.process(ExecuteStepProcessor.java:39)
com.thoughtworks.gauge.connection.MessageDispatcher.dispatchMessages(MessageDispatcher.java:89)
com.thoughtworks.gauge.GaugeRuntime.dispatchMessages(GaugeRuntime.java:104)
com.thoughtworks.gauge.GaugeRuntime.access$100(GaugeRuntime.java:36)
com.thoughtworks.gauge.GaugeRuntime$2.run(GaugeRuntime.java:85)
java.lang.Thread.run(Thread.java:745)
11:56:14.324 * Closing the driver
11:56:14.524 
Failed Step: Closing the driver
11:56:14.524 Specification: specs\SpeakTest.spec:27
11:56:14.524 Error Message: java.lang.NullPointerException
11:56:14.524 Stacktrace: 
scenarios.TestScenario.after(TestScenario.java:52)
sun.reflect.NativeMethodAccessorImpl.invoke0(Native Method)
sun.reflect.NativeMethodAccessorImpl.invoke(NativeMethodAccessorImpl.java:62)
sun.reflect.DelegatingMethodAccessorImpl.invoke(DelegatingMethodAccessorImpl.java:43)
java.lang.reflect.Method.invoke(Method.java:498)
com.thoughtworks.gauge.execution.MethodExecutor.execute(MethodExecutor.java:38)
com.thoughtworks.gauge.execution.StepExecutionStage.executeStepMethod(StepExecutionStage.java:132)
com.thoughtworks.gauge.execution.StepExecutionStage.executeStep(StepExecutionStage.java:86)
com.thoughtworks.gauge.execution.StepExecutionStage.execute(StepExecutionStage.java:67)
com.thoughtworks.gauge.execution.AbstractExecutionStage.executeNext(AbstractExecutionStage.java:24)
com.thoughtworks.gauge.execution.HookExecutionStage.execute(HookExecutionStage.java:43)
com.thoughtworks.gauge.execution.ExecutionPipeline.start(ExecutionPipeline.java:29)
com.thoughtworks.gauge.processor.ExecuteStepProcessor.process(ExecuteStepProcessor.java:39)
com.thoughtworks.gauge.connection.MessageDispatcher.dispatchMessages(MessageDispatcher.java:89)
com.thoughtworks.gauge.GaugeRuntime.dispatchMessages(GaugeRuntime.java:104)
com.thoughtworks.gauge.GaugeRuntime.access$100(GaugeRuntime.java:36)
com.thoughtworks.gauge.GaugeRuntime$2.run(GaugeRuntime.java:85)
java.lang.Thread.run(Thread.java:745)
11:56:14.712 Plugin [Html Report] with pid [9800] has exited
11:56:15.215 Specifications:	1 executed	0 passed	1 failed	0 skipped
11:56:15.215 Scenarios:	1 executed	0 passed	1 failed	0 skipped
11:56:15.215 
Total time taken: 2.23s
11:58:02.535 Checking updates...
11:58:07.381 # Speak Test Specification
11:58:07.383 ## TTS Testing Scenario
11:58:07.385 * Setting up environment to run Android in Appium

11:58:09.345 
Failed Step: Setting up environment to run Android in Appium
11:58:09.345 Specification: specs\SpeakTest.spec:8
11:58:09.345 Error Message: org.openqa.selenium.WebDriverException: An unknown server-side error occurred while processing the command. Original error: Could not find adb Please set the ANDROID_HOME environment variable with the Android SDK root directory path. (WARNING: The server did not provide any stacktrace information)
Command duration or timeout: 624 milliseconds
Build info: version: '2.46.0', revision: '61506a4624b13675f24581e453592342b7485d71', time: '2015-06-04 10:22:50'
System info: host: 'Mitrai-OsandaN', ip: '192.168.200.127', os.name: 'Windows 10', os.arch: 'amd64', os.version: '10.0', java.version: '1.8.0_121'
Driver info: io.appium.java_client.android.AndroidDriver
11:58:09.345 Stacktrace: 
sun.reflect.NativeConstructorAccessorImpl.newInstance0(Native Method)
sun.reflect.NativeConstructorAccessorImpl.newInstance(NativeConstructorAccessorImpl.java:62)
sun.reflect.DelegatingConstructorAccessorImpl.newInstance(DelegatingConstructorAccessorImpl.java:45)
java.lang.reflect.Constructor.newInstance(Constructor.java:423)
org.openqa.selenium.remote.ErrorHandler.createThrowable(ErrorHandler.java:204)
org.openqa.selenium.remote.ErrorHandler.throwIfResponseFailed(ErrorHandler.java:156)
org.openqa.selenium.remote.RemoteWebDriver.execute(RemoteWebDriver.java:605)
io.appium.java_client.DefaultGenericMobileDriver.execute(DefaultGenericMobileDriver.java:27)
io.appium.java_client.AppiumDriver.execute(AppiumDriver.java:1)
io.appium.java_client.android.AndroidDriver.execute(AndroidDriver.java:1)
org.openqa.selenium.remote.RemoteWebDriver.startSession(RemoteWebDriver.java:242)
org.openqa.selenium.remote.RemoteWebDriver.<init>(RemoteWebDriver.java:128)
org.openqa.selenium.remote.RemoteWebDriver.<init>(RemoteWebDriver.java:155)
io.appium.java_client.DefaultGenericMobileDriver.<init>(DefaultGenericMobileDriver.java:22)
io.appium.java_client.AppiumDriver.<init>(AppiumDriver.java:202)
io.appium.java_client.android.AndroidDriver.<init>(AndroidDriver.java:50)
scenarios.AndroidSetup.prepareAndroidForAppium(AndroidSetup.java:57)
scenarios.TestScenario.setUp(TestScenario.java:23)
sun.reflect.NativeMethodAccessorImpl.invoke0(Native Method)
sun.reflect.NativeMethodAccessorImpl.invoke(NativeMethodAccessorImpl.java:62)
sun.reflect.DelegatingMethodAccessorImpl.invoke(DelegatingMethodAccessorImpl.java:43)
java.lang.reflect.Method.invoke(Method.java:498)
com.thoughtworks.gauge.execution.MethodExecutor.execute(MethodExecutor.java:38)
com.thoughtworks.gauge.execution.StepExecutionStage.executeStepMethod(StepExecutionStage.java:132)
com.thoughtworks.gauge.execution.StepExecutionStage.executeStep(StepExecutionStage.java:86)
com.thoughtworks.gauge.execution.StepExecutionStage.execute(StepExecutionStage.java:67)
com.thoughtworks.gauge.execution.AbstractExecutionStage.executeNext(AbstractExecutionStage.java:24)
com.thoughtworks.gauge.execution.HookExecutionStage.execute(HookExecutionStage.java:43)
com.thoughtworks.gauge.execution.ExecutionPipeline.start(ExecutionPipeline.java:29)
com.thoughtworks.gauge.processor.ExecuteStepProcessor.process(ExecuteStepProcessor.java:39)
com.thoughtworks.gauge.connection.MessageDispatcher.dispatchMessages(MessageDispatcher.java:89)
com.thoughtworks.gauge.GaugeRuntime.dispatchMessages(GaugeRuntime.java:104)
com.thoughtworks.gauge.GaugeRuntime.access$100(GaugeRuntime.java:36)
com.thoughtworks.gauge.GaugeRuntime$2.run(GaugeRuntime.java:85)
java.lang.Thread.run(Thread.java:745)
11:58:09.345 * Closing the driver
11:58:09.635 
Failed Step: Closing the driver
11:58:09.635 Specification: specs\SpeakTest.spec:27
11:58:09.635 Error Message: java.lang.NullPointerException
11:58:09.635 Stacktrace: 
scenarios.TestScenario.after(TestScenario.java:52)
sun.reflect.NativeMethodAccessorImpl.invoke0(Native Method)
sun.reflect.NativeMethodAccessorImpl.invoke(NativeMethodAccessorImpl.java:62)
sun.reflect.DelegatingMethodAccessorImpl.invoke(DelegatingMethodAccessorImpl.java:43)
java.lang.reflect.Method.invoke(Method.java:498)
com.thoughtworks.gauge.execution.MethodExecutor.execute(MethodExecutor.java:38)
com.thoughtworks.gauge.execution.StepExecutionStage.executeStepMethod(StepExecutionStage.java:132)
com.thoughtworks.gauge.execution.StepExecutionStage.executeStep(StepExecutionStage.java:86)
com.thoughtworks.gauge.execution.StepExecutionStage.execute(StepExecutionStage.java:67)
com.thoughtworks.gauge.execution.AbstractExecutionStage.executeNext(AbstractExecutionStage.java:24)
com.thoughtworks.gauge.execution.HookExecutionStage.execute(HookExecutionStage.java:43)
com.thoughtworks.gauge.execution.ExecutionPipeline.start(ExecutionPipeline.java:29)
com.thoughtworks.gauge.processor.ExecuteStepProcessor.process(ExecuteStepProcessor.java:39)
com.thoughtworks.gauge.connection.MessageDispatcher.dispatchMessages(MessageDispatcher.java:89)
com.thoughtworks.gauge.GaugeRuntime.dispatchMessages(GaugeRuntime.java:104)
com.thoughtworks.gauge.GaugeRuntime.access$100(GaugeRuntime.java:36)
com.thoughtworks.gauge.GaugeRuntime$2.run(GaugeRuntime.java:85)
java.lang.Thread.run(Thread.java:745)
11:58:09.744 Plugin [Html Report] with pid [7256] has exited
11:58:10.312 Specifications:	1 executed	0 passed	1 failed	0 skipped
11:58:10.312 Scenarios:	1 executed	0 passed	1 failed	0 skipped
11:58:10.312 
Total time taken: 2.394s
11:59:28.916 Checking updates...
11:59:33.605 # Speak Test Specification
11:59:33.606 ## TTS Testing Scenario
11:59:33.609 * Setting up environment to run Android in Appium

11:59:35.523 
Failed Step: Setting up environment to run Android in Appium
11:59:35.523 Specification: specs\SpeakTest.spec:8
11:59:35.523 Error Message: org.openqa.selenium.WebDriverException: An unknown server-side error occurred while processing the command. Original error: Could not find adb Please set the ANDROID_HOME environment variable with the Android SDK root directory path. (WARNING: The server did not provide any stacktrace information)
Command duration or timeout: 648 milliseconds
Build info: version: '2.46.0', revision: '61506a4624b13675f24581e453592342b7485d71', time: '2015-06-04 10:22:50'
System info: host: 'Mitrai-OsandaN', ip: '192.168.200.127', os.name: 'Windows 10', os.arch: 'amd64', os.version: '10.0', java.version: '1.8.0_121'
Driver info: io.appium.java_client.android.AndroidDriver
11:59:35.523 Stacktrace: 
sun.reflect.NativeConstructorAccessorImpl.newInstance0(Native Method)
sun.reflect.NativeConstructorAccessorImpl.newInstance(NativeConstructorAccessorImpl.java:62)
sun.reflect.DelegatingConstructorAccessorImpl.newInstance(DelegatingConstructorAccessorImpl.java:45)
java.lang.reflect.Constructor.newInstance(Constructor.java:423)
org.openqa.selenium.remote.ErrorHandler.createThrowable(ErrorHandler.java:204)
org.openqa.selenium.remote.ErrorHandler.throwIfResponseFailed(ErrorHandler.java:156)
org.openqa.selenium.remote.RemoteWebDriver.execute(RemoteWebDriver.java:605)
io.appium.java_client.DefaultGenericMobileDriver.execute(DefaultGenericMobileDriver.java:27)
io.appium.java_client.AppiumDriver.execute(AppiumDriver.java:1)
io.appium.java_client.android.AndroidDriver.execute(AndroidDriver.java:1)
org.openqa.selenium.remote.RemoteWebDriver.startSession(RemoteWebDriver.java:242)
org.openqa.selenium.remote.RemoteWebDriver.<init>(RemoteWebDriver.java:128)
org.openqa.selenium.remote.RemoteWebDriver.<init>(RemoteWebDriver.java:155)
io.appium.java_client.DefaultGenericMobileDriver.<init>(DefaultGenericMobileDriver.java:22)
io.appium.java_client.AppiumDriver.<init>(AppiumDriver.java:202)
io.appium.java_client.android.AndroidDriver.<init>(AndroidDriver.java:50)
scenarios.AndroidSetup.prepareAndroidForAppium(AndroidSetup.java:57)
scenarios.TestScenario.setUp(TestScenario.java:23)
sun.reflect.NativeMethodAccessorImpl.invoke0(Native Method)
sun.reflect.NativeMethodAccessorImpl.invoke(NativeMethodAccessorImpl.java:62)
sun.reflect.DelegatingMethodAccessorImpl.invoke(DelegatingMethodAccessorImpl.java:43)
java.lang.reflect.Method.invoke(Method.java:498)
com.thoughtworks.gauge.execution.MethodExecutor.execute(MethodExecutor.java:38)
com.thoughtworks.gauge.execution.StepExecutionStage.executeStepMethod(StepExecutionStage.java:132)
com.thoughtworks.gauge.execution.StepExecutionStage.executeStep(StepExecutionStage.java:86)
com.thoughtworks.gauge.execution.StepExecutionStage.execute(StepExecutionStage.java:67)
com.thoughtworks.gauge.execution.AbstractExecutionStage.executeNext(AbstractExecutionStage.java:24)
com.thoughtworks.gauge.execution.HookExecutionStage.execute(HookExecutionStage.java:43)
com.thoughtworks.gauge.execution.ExecutionPipeline.start(ExecutionPipeline.java:29)
com.thoughtworks.gauge.processor.ExecuteStepProcessor.process(ExecuteStepProcessor.java:39)
com.thoughtworks.gauge.connection.MessageDispatcher.dispatchMessages(MessageDispatcher.java:89)
com.thoughtworks.gauge.GaugeRuntime.dispatchMessages(GaugeRuntime.java:104)
com.thoughtworks.gauge.GaugeRuntime.access$100(GaugeRuntime.java:36)
com.thoughtworks.gauge.GaugeRuntime$2.run(GaugeRuntime.java:85)
java.lang.Thread.run(Thread.java:745)
11:59:35.523 * Closing the driver
11:59:35.722 
Failed Step: Closing the driver
11:59:35.722 Specification: specs\SpeakTest.spec:27
11:59:35.722 Error Message: java.lang.NullPointerException
11:59:35.722 Stacktrace: 
scenarios.TestScenario.after(TestScenario.java:52)
sun.reflect.NativeMethodAccessorImpl.invoke0(Native Method)
sun.reflect.NativeMethodAccessorImpl.invoke(NativeMethodAccessorImpl.java:62)
sun.reflect.DelegatingMethodAccessorImpl.invoke(DelegatingMethodAccessorImpl.java:43)
java.lang.reflect.Method.invoke(Method.java:498)
com.thoughtworks.gauge.execution.MethodExecutor.execute(MethodExecutor.java:38)
com.thoughtworks.gauge.execution.StepExecutionStage.executeStepMethod(StepExecutionStage.java:132)
com.thoughtworks.gauge.execution.StepExecutionStage.executeStep(StepExecutionStage.java:86)
com.thoughtworks.gauge.execution.StepExecutionStage.execute(StepExecutionStage.java:67)
com.thoughtworks.gauge.execution.AbstractExecutionStage.executeNext(AbstractExecutionStage.java:24)
com.thoughtworks.gauge.execution.HookExecutionStage.execute(HookExecutionStage.java:43)
com.thoughtworks.gauge.execution.ExecutionPipeline.start(ExecutionPipeline.java:29)
com.thoughtworks.gauge.processor.ExecuteStepProcessor.process(ExecuteStepProcessor.java:39)
com.thoughtworks.gauge.connection.MessageDispatcher.dispatchMessages(MessageDispatcher.java:89)
com.thoughtworks.gauge.GaugeRuntime.dispatchMessages(GaugeRuntime.java:104)
com.thoughtworks.gauge.GaugeRuntime.access$100(GaugeRuntime.java:36)
com.thoughtworks.gauge.GaugeRuntime$2.run(GaugeRuntime.java:85)
java.lang.Thread.run(Thread.java:745)
11:59:35.859 Plugin [Html Report] with pid [4864] has exited
11:59:36.266 Specifications:	1 executed	0 passed	1 failed	0 skipped
11:59:36.266 Scenarios:	1 executed	0 passed	1 failed	0 skipped
11:59:36.266 
Total time taken: 2.268s
12:03:28.712 Checking updates...
12:03:33.093 # Speak Test Specification
12:03:33.094 ## TTS Testing Scenario
12:03:33.097 * Setting up environment to run Android in Appium

12:03:35.038 
Failed Step: Setting up environment to run Android in Appium
12:03:35.038 Specification: specs\SpeakTest.spec:8
12:03:35.038 Error Message: org.openqa.selenium.WebDriverException: An unknown server-side error occurred while processing the command. Original error: Could not find adb Please set the ANDROID_HOME environment variable with the Android SDK root directory path. (WARNING: The server did not provide any stacktrace information)
Command duration or timeout: 692 milliseconds
Build info: version: '2.46.0', revision: '61506a4624b13675f24581e453592342b7485d71', time: '2015-06-04 10:22:50'
System info: host: 'Mitrai-OsandaN', ip: '192.168.200.127', os.name: 'Windows 10', os.arch: 'amd64', os.version: '10.0', java.version: '1.8.0_121'
Driver info: io.appium.java_client.android.AndroidDriver
12:03:35.038 Stacktrace: 
sun.reflect.NativeConstructorAccessorImpl.newInstance0(Native Method)
sun.reflect.NativeConstructorAccessorImpl.newInstance(NativeConstructorAccessorImpl.java:62)
sun.reflect.DelegatingConstructorAccessorImpl.newInstance(DelegatingConstructorAccessorImpl.java:45)
java.lang.reflect.Constructor.newInstance(Constructor.java:423)
org.openqa.selenium.remote.ErrorHandler.createThrowable(ErrorHandler.java:204)
org.openqa.selenium.remote.ErrorHandler.throwIfResponseFailed(ErrorHandler.java:156)
org.openqa.selenium.remote.RemoteWebDriver.execute(RemoteWebDriver.java:605)
io.appium.java_client.DefaultGenericMobileDriver.execute(DefaultGenericMobileDriver.java:27)
io.appium.java_client.AppiumDriver.execute(AppiumDriver.java:1)
io.appium.java_client.android.AndroidDriver.execute(AndroidDriver.java:1)
org.openqa.selenium.remote.RemoteWebDriver.startSession(RemoteWebDriver.java:242)
org.openqa.selenium.remote.RemoteWebDriver.<init>(RemoteWebDriver.java:128)
org.openqa.selenium.remote.RemoteWebDriver.<init>(RemoteWebDriver.java:155)
io.appium.java_client.DefaultGenericMobileDriver.<init>(DefaultGenericMobileDriver.java:22)
io.appium.java_client.AppiumDriver.<init>(AppiumDriver.java:202)
io.appium.java_client.android.AndroidDriver.<init>(AndroidDriver.java:50)
scenarios.AndroidSetup.prepareAndroidForAppium(AndroidSetup.java:57)
scenarios.TestScenario.setUp(TestScenario.java:23)
sun.reflect.NativeMethodAccessorImpl.invoke0(Native Method)
sun.reflect.NativeMethodAccessorImpl.invoke(NativeMethodAccessorImpl.java:62)
sun.reflect.DelegatingMethodAccessorImpl.invoke(DelegatingMethodAccessorImpl.java:43)
java.lang.reflect.Method.invoke(Method.java:498)
com.thoughtworks.gauge.execution.MethodExecutor.execute(MethodExecutor.java:38)
com.thoughtworks.gauge.execution.StepExecutionStage.executeStepMethod(StepExecutionStage.java:132)
com.thoughtworks.gauge.execution.StepExecutionStage.executeStep(StepExecutionStage.java:86)
com.thoughtworks.gauge.execution.StepExecutionStage.execute(StepExecutionStage.java:67)
com.thoughtworks.gauge.execution.AbstractExecutionStage.executeNext(AbstractExecutionStage.java:24)
com.thoughtworks.gauge.execution.HookExecutionStage.execute(HookExecutionStage.java:43)
com.thoughtworks.gauge.execution.ExecutionPipeline.start(ExecutionPipeline.java:29)
com.thoughtworks.gauge.processor.ExecuteStepProcessor.process(ExecuteStepProcessor.java:39)
com.thoughtworks.gauge.connection.MessageDispatcher.dispatchMessages(MessageDispatcher.java:89)
com.thoughtworks.gauge.GaugeRuntime.dispatchMessages(GaugeRuntime.java:104)
com.thoughtworks.gauge.GaugeRuntime.access$100(GaugeRuntime.java:36)
com.thoughtworks.gauge.GaugeRuntime$2.run(GaugeRuntime.java:85)
java.lang.Thread.run(Thread.java:745)
12:03:35.038 * Closing the driver
12:03:35.290 
Failed Step: Closing the driver
12:03:35.290 Specification: specs\SpeakTest.spec:27
12:03:35.290 Error Message: java.lang.NullPointerException
12:03:35.290 Stacktrace: 
scenarios.TestScenario.after(TestScenario.java:52)
sun.reflect.NativeMethodAccessorImpl.invoke0(Native Method)
sun.reflect.NativeMethodAccessorImpl.invoke(NativeMethodAccessorImpl.java:62)
sun.reflect.DelegatingMethodAccessorImpl.invoke(DelegatingMethodAccessorImpl.java:43)
java.lang.reflect.Method.invoke(Method.java:498)
com.thoughtworks.gauge.execution.MethodExecutor.execute(MethodExecutor.java:38)
com.thoughtworks.gauge.execution.StepExecutionStage.executeStepMethod(StepExecutionStage.java:132)
com.thoughtworks.gauge.execution.StepExecutionStage.executeStep(StepExecutionStage.java:86)
com.thoughtworks.gauge.execution.StepExecutionStage.execute(StepExecutionStage.java:67)
com.thoughtworks.gauge.execution.AbstractExecutionStage.executeNext(AbstractExecutionStage.java:24)
com.thoughtworks.gauge.execution.HookExecutionStage.execute(HookExecutionStage.java:43)
com.thoughtworks.gauge.execution.ExecutionPipeline.start(ExecutionPipeline.java:29)
com.thoughtworks.gauge.processor.ExecuteStepProcessor.process(ExecuteStepProcessor.java:39)
com.thoughtworks.gauge.connection.MessageDispatcher.dispatchMessages(MessageDispatcher.java:89)
com.thoughtworks.gauge.GaugeRuntime.dispatchMessages(GaugeRuntime.java:104)
com.thoughtworks.gauge.GaugeRuntime.access$100(GaugeRuntime.java:36)
com.thoughtworks.gauge.GaugeRuntime$2.run(GaugeRuntime.java:85)
java.lang.Thread.run(Thread.java:745)
12:03:35.402 Plugin [Html Report] with pid [9304] has exited
12:03:35.807 Specifications:	1 executed	0 passed	1 failed	0 skipped
12:03:35.807 Scenarios:	1 executed	0 passed	1 failed	0 skipped
12:03:35.807 
Total time taken: 2.341s
12:09:56.984 Checking updates...
12:10:01.627 # Speak Test Specification
12:10:01.629 ## TTS Testing Scenario
12:10:01.631 * Setting up environment to run Android in Appium

12:10:03.393 
Failed Step: Setting up environment to run Android in Appium
12:10:03.393 Specification: specs\SpeakTest.spec:8
12:10:03.393 Error Message: org.openqa.selenium.WebDriverException: An unknown server-side error occurred while processing the command. Original error: Could not find adb Please set the ANDROID_HOME environment variable with the Android SDK root directory path. (WARNING: The server did not provide any stacktrace information)
Command duration or timeout: 555 milliseconds
Build info: version: '2.46.0', revision: '61506a4624b13675f24581e453592342b7485d71', time: '2015-06-04 10:22:50'
System info: host: 'Mitrai-OsandaN', ip: '192.168.200.127', os.name: 'Windows 10', os.arch: 'amd64', os.version: '10.0', java.version: '1.8.0_121'
Driver info: io.appium.java_client.android.AndroidDriver
12:10:03.393 Stacktrace: 
sun.reflect.NativeConstructorAccessorImpl.newInstance0(Native Method)
sun.reflect.NativeConstructorAccessorImpl.newInstance(NativeConstructorAccessorImpl.java:62)
sun.reflect.DelegatingConstructorAccessorImpl.newInstance(DelegatingConstructorAccessorImpl.java:45)
java.lang.reflect.Constructor.newInstance(Constructor.java:423)
org.openqa.selenium.remote.ErrorHandler.createThrowable(ErrorHandler.java:204)
org.openqa.selenium.remote.ErrorHandler.throwIfResponseFailed(ErrorHandler.java:156)
org.openqa.selenium.remote.RemoteWebDriver.execute(RemoteWebDriver.java:605)
io.appium.java_client.DefaultGenericMobileDriver.execute(DefaultGenericMobileDriver.java:27)
io.appium.java_client.AppiumDriver.execute(AppiumDriver.java:1)
io.appium.java_client.android.AndroidDriver.execute(AndroidDriver.java:1)
org.openqa.selenium.remote.RemoteWebDriver.startSession(RemoteWebDriver.java:242)
org.openqa.selenium.remote.RemoteWebDriver.<init>(RemoteWebDriver.java:128)
org.openqa.selenium.remote.RemoteWebDriver.<init>(RemoteWebDriver.java:155)
io.appium.java_client.DefaultGenericMobileDriver.<init>(DefaultGenericMobileDriver.java:22)
io.appium.java_client.AppiumDriver.<init>(AppiumDriver.java:202)
io.appium.java_client.android.AndroidDriver.<init>(AndroidDriver.java:50)
scenarios.AndroidSetup.prepareAndroidForAppium(AndroidSetup.java:57)
scenarios.TestScenario.setUp(TestScenario.java:23)
sun.reflect.NativeMethodAccessorImpl.invoke0(Native Method)
sun.reflect.NativeMethodAccessorImpl.invoke(NativeMethodAccessorImpl.java:62)
sun.reflect.DelegatingMethodAccessorImpl.invoke(DelegatingMethodAccessorImpl.java:43)
java.lang.reflect.Method.invoke(Method.java:498)
com.thoughtworks.gauge.execution.MethodExecutor.execute(MethodExecutor.java:38)
com.thoughtworks.gauge.execution.StepExecutionStage.executeStepMethod(StepExecutionStage.java:132)
com.thoughtworks.gauge.execution.StepExecutionStage.executeStep(StepExecutionStage.java:86)
com.thoughtworks.gauge.execution.StepExecutionStage.execute(StepExecutionStage.java:67)
com.thoughtworks.gauge.execution.AbstractExecutionStage.executeNext(AbstractExecutionStage.java:24)
com.thoughtworks.gauge.execution.HookExecutionStage.execute(HookExecutionStage.java:43)
com.thoughtworks.gauge.execution.ExecutionPipeline.start(ExecutionPipeline.java:29)
com.thoughtworks.gauge.processor.ExecuteStepProcessor.process(ExecuteStepProcessor.java:39)
com.thoughtworks.gauge.connection.MessageDispatcher.dispatchMessages(MessageDispatcher.java:89)
com.thoughtworks.gauge.GaugeRuntime.dispatchMessages(GaugeRuntime.java:104)
com.thoughtworks.gauge.GaugeRuntime.access$100(GaugeRuntime.java:36)
com.thoughtworks.gauge.GaugeRuntime$2.run(GaugeRuntime.java:85)
java.lang.Thread.run(Thread.java:745)
12:10:03.393 * Closing the driver
12:10:03.633 
Failed Step: Closing the driver
12:10:03.633 Specification: specs\SpeakTest.spec:27
12:10:03.633 Error Message: java.lang.NullPointerException
12:10:03.633 Stacktrace: 
scenarios.TestScenario.after(TestScenario.java:52)
sun.reflect.NativeMethodAccessorImpl.invoke0(Native Method)
sun.reflect.NativeMethodAccessorImpl.invoke(NativeMethodAccessorImpl.java:62)
sun.reflect.DelegatingMethodAccessorImpl.invoke(DelegatingMethodAccessorImpl.java:43)
java.lang.reflect.Method.invoke(Method.java:498)
com.thoughtworks.gauge.execution.MethodExecutor.execute(MethodExecutor.java:38)
com.thoughtworks.gauge.execution.StepExecutionStage.executeStepMethod(StepExecutionStage.java:132)
com.thoughtworks.gauge.execution.StepExecutionStage.executeStep(StepExecutionStage.java:86)
com.thoughtworks.gauge.execution.StepExecutionStage.execute(StepExecutionStage.java:67)
com.thoughtworks.gauge.execution.AbstractExecutionStage.executeNext(AbstractExecutionStage.java:24)
com.thoughtworks.gauge.execution.HookExecutionStage.execute(HookExecutionStage.java:43)
com.thoughtworks.gauge.execution.ExecutionPipeline.start(ExecutionPipeline.java:29)
com.thoughtworks.gauge.processor.ExecuteStepProcessor.process(ExecuteStepProcessor.java:39)
com.thoughtworks.gauge.connection.MessageDispatcher.dispatchMessages(MessageDispatcher.java:89)
com.thoughtworks.gauge.GaugeRuntime.dispatchMessages(GaugeRuntime.java:104)
com.thoughtworks.gauge.GaugeRuntime.access$100(GaugeRuntime.java:36)
com.thoughtworks.gauge.GaugeRuntime$2.run(GaugeRuntime.java:85)
java.lang.Thread.run(Thread.java:745)
12:10:03.744 Plugin [Html Report] with pid [7280] has exited
12:10:04.147 Specifications:	1 executed	0 passed	1 failed	0 skipped
12:10:04.147 Scenarios:	1 executed	0 passed	1 failed	0 skipped
12:10:04.147 
Total time taken: 2.12s
12:12:15.772 Checking updates...
12:12:20.425 # Speak Test Specification
12:12:20.427 ## TTS Testing Scenario
12:12:20.429 * Setting up environment to run Android in Appium

12:12:22.334 
Failed Step: Setting up environment to run Android in Appium
12:12:22.334 Specification: specs\SpeakTest.spec:8
12:12:22.334 Error Message: org.openqa.selenium.WebDriverException: An unknown server-side error occurred while processing the command. Original error: Could not find adb Please set the ANDROID_HOME environment variable with the Android SDK root directory path. (WARNING: The server did not provide any stacktrace information)
Command duration or timeout: 804 milliseconds
Build info: version: '2.46.0', revision: '61506a4624b13675f24581e453592342b7485d71', time: '2015-06-04 10:22:50'
System info: host: 'Mitrai-OsandaN', ip: '192.168.200.127', os.name: 'Windows 10', os.arch: 'amd64', os.version: '10.0', java.version: '1.8.0_121'
Driver info: io.appium.java_client.android.AndroidDriver
12:12:22.334 Stacktrace: 
sun.reflect.NativeConstructorAccessorImpl.newInstance0(Native Method)
sun.reflect.NativeConstructorAccessorImpl.newInstance(NativeConstructorAccessorImpl.java:62)
sun.reflect.DelegatingConstructorAccessorImpl.newInstance(DelegatingConstructorAccessorImpl.java:45)
java.lang.reflect.Constructor.newInstance(Constructor.java:423)
org.openqa.selenium.remote.ErrorHandler.createThrowable(ErrorHandler.java:204)
org.openqa.selenium.remote.ErrorHandler.throwIfResponseFailed(ErrorHandler.java:156)
org.openqa.selenium.remote.RemoteWebDriver.execute(RemoteWebDriver.java:605)
io.appium.java_client.DefaultGenericMobileDriver.execute(DefaultGenericMobileDriver.java:27)
io.appium.java_client.AppiumDriver.execute(AppiumDriver.java:1)
io.appium.java_client.android.AndroidDriver.execute(AndroidDriver.java:1)
org.openqa.selenium.remote.RemoteWebDriver.startSession(RemoteWebDriver.java:242)
org.openqa.selenium.remote.RemoteWebDriver.<init>(RemoteWebDriver.java:128)
org.openqa.selenium.remote.RemoteWebDriver.<init>(RemoteWebDriver.java:155)
io.appium.java_client.DefaultGenericMobileDriver.<init>(DefaultGenericMobileDriver.java:22)
io.appium.java_client.AppiumDriver.<init>(AppiumDriver.java:202)
io.appium.java_client.android.AndroidDriver.<init>(AndroidDriver.java:50)
scenarios.AndroidSetup.prepareAndroidForAppium(AndroidSetup.java:57)
scenarios.TestScenario.setUp(TestScenario.java:23)
sun.reflect.NativeMethodAccessorImpl.invoke0(Native Method)
sun.reflect.NativeMethodAccessorImpl.invoke(NativeMethodAccessorImpl.java:62)
sun.reflect.DelegatingMethodAccessorImpl.invoke(DelegatingMethodAccessorImpl.java:43)
java.lang.reflect.Method.invoke(Method.java:498)
com.thoughtworks.gauge.execution.MethodExecutor.execute(MethodExecutor.java:38)
com.thoughtworks.gauge.execution.StepExecutionStage.executeStepMethod(StepExecutionStage.java:132)
com.thoughtworks.gauge.execution.StepExecutionStage.executeStep(StepExecutionStage.java:86)
com.thoughtworks.gauge.execution.StepExecutionStage.execute(StepExecutionStage.java:67)
com.thoughtworks.gauge.execution.AbstractExecutionStage.executeNext(AbstractExecutionStage.java:24)
com.thoughtworks.gauge.execution.HookExecutionStage.execute(HookExecutionStage.java:43)
com.thoughtworks.gauge.execution.ExecutionPipeline.start(ExecutionPipeline.java:29)
com.thoughtworks.gauge.processor.ExecuteStepProcessor.process(ExecuteStepProcessor.java:39)
com.thoughtworks.gauge.connection.MessageDispatcher.dispatchMessages(MessageDispatcher.java:89)
com.thoughtworks.gauge.GaugeRuntime.dispatchMessages(GaugeRuntime.java:104)
com.thoughtworks.gauge.GaugeRuntime.access$100(GaugeRuntime.java:36)
com.thoughtworks.gauge.GaugeRuntime$2.run(GaugeRuntime.java:85)
java.lang.Thread.run(Thread.java:745)
12:12:22.334 * Closing the driver
12:12:22.559 
Failed Step: Closing the driver
12:12:22.559 Specification: specs\SpeakTest.spec:27
12:12:22.559 Error Message: java.lang.NullPointerException
12:12:22.559 Stacktrace: 
scenarios.TestScenario.after(TestScenario.java:52)
sun.reflect.NativeMethodAccessorImpl.invoke0(Native Method)
sun.reflect.NativeMethodAccessorImpl.invoke(NativeMethodAccessorImpl.java:62)
sun.reflect.DelegatingMethodAccessorImpl.invoke(DelegatingMethodAccessorImpl.java:43)
java.lang.reflect.Method.invoke(Method.java:498)
com.thoughtworks.gauge.execution.MethodExecutor.execute(MethodExecutor.java:38)
com.thoughtworks.gauge.execution.StepExecutionStage.executeStepMethod(StepExecutionStage.java:132)
com.thoughtworks.gauge.execution.StepExecutionStage.executeStep(StepExecutionStage.java:86)
com.thoughtworks.gauge.execution.StepExecutionStage.execute(StepExecutionStage.java:67)
com.thoughtworks.gauge.execution.AbstractExecutionStage.executeNext(AbstractExecutionStage.java:24)
com.thoughtworks.gauge.execution.HookExecutionStage.execute(HookExecutionStage.java:43)
com.thoughtworks.gauge.execution.ExecutionPipeline.start(ExecutionPipeline.java:29)
com.thoughtworks.gauge.processor.ExecuteStepProcessor.process(ExecuteStepProcessor.java:39)
com.thoughtworks.gauge.connection.MessageDispatcher.dispatchMessages(MessageDispatcher.java:89)
com.thoughtworks.gauge.GaugeRuntime.dispatchMessages(GaugeRuntime.java:104)
com.thoughtworks.gauge.GaugeRuntime.access$100(GaugeRuntime.java:36)
com.thoughtworks.gauge.GaugeRuntime$2.run(GaugeRuntime.java:85)
java.lang.Thread.run(Thread.java:745)
12:12:22.673 Plugin [Html Report] with pid [4408] has exited
12:12:23.080 Specifications:	1 executed	0 passed	1 failed	0 skipped
12:12:23.080 Scenarios:	1 executed	0 passed	1 failed	0 skipped
12:12:23.080 
Total time taken: 2.245s
12:14:41.257 Checking updates...
12:14:46.037 # Speak Test Specification
12:14:46.038 ## TTS Testing Scenario
12:14:46.041 * Setting up environment to run Android in Appium

12:14:47.724 
Failed Step: Setting up environment to run Android in Appium
12:14:47.724 Specification: specs\SpeakTest.spec:8
12:14:47.724 Error Message: org.openqa.selenium.WebDriverException: An unknown server-side error occurred while processing the command. Original error: Could not find adb Please set the ANDROID_HOME environment variable with the Android SDK root directory path. (WARNING: The server did not provide any stacktrace information)
Command duration or timeout: 577 milliseconds
Build info: version: '2.46.0', revision: '61506a4624b13675f24581e453592342b7485d71', time: '2015-06-04 10:22:50'
System info: host: 'Mitrai-OsandaN', ip: '192.168.200.127', os.name: 'Windows 10', os.arch: 'amd64', os.version: '10.0', java.version: '1.8.0_121'
Driver info: io.appium.java_client.android.AndroidDriver
12:14:47.724 Stacktrace: 
sun.reflect.NativeConstructorAccessorImpl.newInstance0(Native Method)
sun.reflect.NativeConstructorAccessorImpl.newInstance(NativeConstructorAccessorImpl.java:62)
sun.reflect.DelegatingConstructorAccessorImpl.newInstance(DelegatingConstructorAccessorImpl.java:45)
java.lang.reflect.Constructor.newInstance(Constructor.java:423)
org.openqa.selenium.remote.ErrorHandler.createThrowable(ErrorHandler.java:204)
org.openqa.selenium.remote.ErrorHandler.throwIfResponseFailed(ErrorHandler.java:156)
org.openqa.selenium.remote.RemoteWebDriver.execute(RemoteWebDriver.java:605)
io.appium.java_client.DefaultGenericMobileDriver.execute(DefaultGenericMobileDriver.java:27)
io.appium.java_client.AppiumDriver.execute(AppiumDriver.java:1)
io.appium.java_client.android.AndroidDriver.execute(AndroidDriver.java:1)
org.openqa.selenium.remote.RemoteWebDriver.startSession(RemoteWebDriver.java:242)
org.openqa.selenium.remote.RemoteWebDriver.<init>(RemoteWebDriver.java:128)
org.openqa.selenium.remote.RemoteWebDriver.<init>(RemoteWebDriver.java:155)
io.appium.java_client.DefaultGenericMobileDriver.<init>(DefaultGenericMobileDriver.java:22)
io.appium.java_client.AppiumDriver.<init>(AppiumDriver.java:202)
io.appium.java_client.android.AndroidDriver.<init>(AndroidDriver.java:50)
scenarios.AndroidSetup.prepareAndroidForAppium(AndroidSetup.java:57)
scenarios.TestScenario.setUp(TestScenario.java:23)
sun.reflect.NativeMethodAccessorImpl.invoke0(Native Method)
sun.reflect.NativeMethodAccessorImpl.invoke(NativeMethodAccessorImpl.java:62)
sun.reflect.DelegatingMethodAccessorImpl.invoke(DelegatingMethodAccessorImpl.java:43)
java.lang.reflect.Method.invoke(Method.java:498)
com.thoughtworks.gauge.execution.MethodExecutor.execute(MethodExecutor.java:38)
com.thoughtworks.gauge.execution.StepExecutionStage.executeStepMethod(StepExecutionStage.java:132)
com.thoughtworks.gauge.execution.StepExecutionStage.executeStep(StepExecutionStage.java:86)
com.thoughtworks.gauge.execution.StepExecutionStage.execute(StepExecutionStage.java:67)
com.thoughtworks.gauge.execution.AbstractExecutionStage.executeNext(AbstractExecutionStage.java:24)
com.thoughtworks.gauge.execution.HookExecutionStage.execute(HookExecutionStage.java:43)
com.thoughtworks.gauge.execution.ExecutionPipeline.start(ExecutionPipeline.java:29)
com.thoughtworks.gauge.processor.ExecuteStepProcessor.process(ExecuteStepProcessor.java:39)
com.thoughtworks.gauge.connection.MessageDispatcher.dispatchMessages(MessageDispatcher.java:89)
com.thoughtworks.gauge.GaugeRuntime.dispatchMessages(GaugeRuntime.java:104)
com.thoughtworks.gauge.GaugeRuntime.access$100(GaugeRuntime.java:36)
com.thoughtworks.gauge.GaugeRuntime$2.run(GaugeRuntime.java:85)
java.lang.Thread.run(Thread.java:745)
12:14:47.724 * Closing the driver
12:14:47.953 
Failed Step: Closing the driver
12:14:47.953 Specification: specs\SpeakTest.spec:27
12:14:47.953 Error Message: java.lang.NullPointerException
12:14:47.953 Stacktrace: 
scenarios.TestScenario.after(TestScenario.java:52)
sun.reflect.NativeMethodAccessorImpl.invoke0(Native Method)
sun.reflect.NativeMethodAccessorImpl.invoke(NativeMethodAccessorImpl.java:62)
sun.reflect.DelegatingMethodAccessorImpl.invoke(DelegatingMethodAccessorImpl.java:43)
java.lang.reflect.Method.invoke(Method.java:498)
com.thoughtworks.gauge.execution.MethodExecutor.execute(MethodExecutor.java:38)
com.thoughtworks.gauge.execution.StepExecutionStage.executeStepMethod(StepExecutionStage.java:132)
com.thoughtworks.gauge.execution.StepExecutionStage.executeStep(StepExecutionStage.java:86)
com.thoughtworks.gauge.execution.StepExecutionStage.execute(StepExecutionStage.java:67)
com.thoughtworks.gauge.execution.AbstractExecutionStage.executeNext(AbstractExecutionStage.java:24)
com.thoughtworks.gauge.execution.HookExecutionStage.execute(HookExecutionStage.java:43)
com.thoughtworks.gauge.execution.ExecutionPipeline.start(ExecutionPipeline.java:29)
com.thoughtworks.gauge.processor.ExecuteStepProcessor.process(ExecuteStepProcessor.java:39)
com.thoughtworks.gauge.connection.MessageDispatcher.dispatchMessages(MessageDispatcher.java:89)
com.thoughtworks.gauge.GaugeRuntime.dispatchMessages(GaugeRuntime.java:104)
com.thoughtworks.gauge.GaugeRuntime.access$100(GaugeRuntime.java:36)
com.thoughtworks.gauge.GaugeRuntime$2.run(GaugeRuntime.java:85)
java.lang.Thread.run(Thread.java:745)
12:14:48.062 Plugin [Html Report] with pid [6292] has exited
12:14:48.466 Specifications:	1 executed	0 passed	1 failed	0 skipped
12:14:48.466 Scenarios:	1 executed	0 passed	1 failed	0 skipped
12:14:48.466 
Total time taken: 2.028s
12:17:44.200 Checking updates...
12:17:48.628 # Speak Test Specification
12:17:48.630 ## TTS Testing Scenario
12:17:48.632 * Setting up environment to run Android in Appium

12:17:50.490 
Failed Step: Setting up environment to run Android in Appium
12:17:50.490 Specification: specs\SpeakTest.spec:8
12:17:50.490 Error Message: org.openqa.selenium.WebDriverException: An unknown server-side error occurred while processing the command. Original error: Could not find adb Please set the ANDROID_HOME environment variable with the Android SDK root directory path. (WARNING: The server did not provide any stacktrace information)
Command duration or timeout: 664 milliseconds
Build info: version: '2.46.0', revision: '61506a4624b13675f24581e453592342b7485d71', time: '2015-06-04 10:22:50'
System info: host: 'Mitrai-OsandaN', ip: '192.168.200.127', os.name: 'Windows 10', os.arch: 'amd64', os.version: '10.0', java.version: '1.8.0_121'
Driver info: io.appium.java_client.android.AndroidDriver
12:17:50.490 Stacktrace: 
sun.reflect.NativeConstructorAccessorImpl.newInstance0(Native Method)
sun.reflect.NativeConstructorAccessorImpl.newInstance(NativeConstructorAccessorImpl.java:62)
sun.reflect.DelegatingConstructorAccessorImpl.newInstance(DelegatingConstructorAccessorImpl.java:45)
java.lang.reflect.Constructor.newInstance(Constructor.java:423)
org.openqa.selenium.remote.ErrorHandler.createThrowable(ErrorHandler.java:204)
org.openqa.selenium.remote.ErrorHandler.throwIfResponseFailed(ErrorHandler.java:156)
org.openqa.selenium.remote.RemoteWebDriver.execute(RemoteWebDriver.java:605)
io.appium.java_client.DefaultGenericMobileDriver.execute(DefaultGenericMobileDriver.java:27)
io.appium.java_client.AppiumDriver.execute(AppiumDriver.java:1)
io.appium.java_client.android.AndroidDriver.execute(AndroidDriver.java:1)
org.openqa.selenium.remote.RemoteWebDriver.startSession(RemoteWebDriver.java:242)
org.openqa.selenium.remote.RemoteWebDriver.<init>(RemoteWebDriver.java:128)
org.openqa.selenium.remote.RemoteWebDriver.<init>(RemoteWebDriver.java:155)
io.appium.java_client.DefaultGenericMobileDriver.<init>(DefaultGenericMobileDriver.java:22)
io.appium.java_client.AppiumDriver.<init>(AppiumDriver.java:202)
io.appium.java_client.android.AndroidDriver.<init>(AndroidDriver.java:50)
scenarios.AndroidSetup.prepareAndroidForAppium(AndroidSetup.java:57)
scenarios.TestScenario.setUp(TestScenario.java:23)
sun.reflect.NativeMethodAccessorImpl.invoke0(Native Method)
sun.reflect.NativeMethodAccessorImpl.invoke(NativeMethodAccessorImpl.java:62)
sun.reflect.DelegatingMethodAccessorImpl.invoke(DelegatingMethodAccessorImpl.java:43)
java.lang.reflect.Method.invoke(Method.java:498)
com.thoughtworks.gauge.execution.MethodExecutor.execute(MethodExecutor.java:38)
com.thoughtworks.gauge.execution.StepExecutionStage.executeStepMethod(StepExecutionStage.java:132)
com.thoughtworks.gauge.execution.StepExecutionStage.executeStep(StepExecutionStage.java:86)
com.thoughtworks.gauge.execution.StepExecutionStage.execute(StepExecutionStage.java:67)
com.thoughtworks.gauge.execution.AbstractExecutionStage.executeNext(AbstractExecutionStage.java:24)
com.thoughtworks.gauge.execution.HookExecutionStage.execute(HookExecutionStage.java:43)
com.thoughtworks.gauge.execution.ExecutionPipeline.start(ExecutionPipeline.java:29)
com.thoughtworks.gauge.processor.ExecuteStepProcessor.process(ExecuteStepProcessor.java:39)
com.thoughtworks.gauge.connection.MessageDispatcher.dispatchMessages(MessageDispatcher.java:89)
com.thoughtworks.gauge.GaugeRuntime.dispatchMessages(GaugeRuntime.java:104)
com.thoughtworks.gauge.GaugeRuntime.access$100(GaugeRuntime.java:36)
com.thoughtworks.gauge.GaugeRuntime$2.run(GaugeRuntime.java:85)
java.lang.Thread.run(Thread.java:745)
12:17:50.490 * Closing the driver
12:17:50.748 
Failed Step: Closing the driver
12:17:50.749 Specification: specs\SpeakTest.spec:27
12:17:50.749 Error Message: java.lang.NullPointerException
12:17:50.749 Stacktrace: 
scenarios.TestScenario.after(TestScenario.java:52)
sun.reflect.NativeMethodAccessorImpl.invoke0(Native Method)
sun.reflect.NativeMethodAccessorImpl.invoke(NativeMethodAccessorImpl.java:62)
sun.reflect.DelegatingMethodAccessorImpl.invoke(DelegatingMethodAccessorImpl.java:43)
java.lang.reflect.Method.invoke(Method.java:498)
com.thoughtworks.gauge.execution.MethodExecutor.execute(MethodExecutor.java:38)
com.thoughtworks.gauge.execution.StepExecutionStage.executeStepMethod(StepExecutionStage.java:132)
com.thoughtworks.gauge.execution.StepExecutionStage.executeStep(StepExecutionStage.java:86)
com.thoughtworks.gauge.execution.StepExecutionStage.execute(StepExecutionStage.java:67)
com.thoughtworks.gauge.execution.AbstractExecutionStage.executeNext(AbstractExecutionStage.java:24)
com.thoughtworks.gauge.execution.HookExecutionStage.execute(HookExecutionStage.java:43)
com.thoughtworks.gauge.execution.ExecutionPipeline.start(ExecutionPipeline.java:29)
com.thoughtworks.gauge.processor.ExecuteStepProcessor.process(ExecuteStepProcessor.java:39)
com.thoughtworks.gauge.connection.MessageDispatcher.dispatchMessages(MessageDispatcher.java:89)
com.thoughtworks.gauge.GaugeRuntime.dispatchMessages(GaugeRuntime.java:104)
com.thoughtworks.gauge.GaugeRuntime.access$100(GaugeRuntime.java:36)
com.thoughtworks.gauge.GaugeRuntime$2.run(GaugeRuntime.java:85)
java.lang.Thread.run(Thread.java:745)
12:17:50.860 Plugin [Html Report] with pid [8588] has exited
12:17:51.263 Specifications:	1 executed	0 passed	1 failed	0 skipped
12:17:51.263 Scenarios:	1 executed	0 passed	1 failed	0 skipped
12:17:51.263 
Total time taken: 2.241s
12:18:10.997 Checking updates...
12:18:22.720 # Speak Test Specification
12:18:22.722 ## TTS Testing Scenario
12:18:22.724 * Setting up environment to run Android in Appium

12:19:09.989 Checking updates...
12:19:14.558 # Speak Test Specification
12:19:14.559 ## TTS Testing Scenario
12:19:14.562 * Setting up environment to run Android in Appium

12:19:16.353 
Failed Step: Setting up environment to run Android in Appium
12:19:16.353 Specification: specs\SpeakTest.spec:8
12:19:16.353 Error Message: org.openqa.selenium.WebDriverException: An unknown server-side error occurred while processing the command. Original error: Could not find adb Please set the ANDROID_HOME environment variable with the Android SDK root directory path. (WARNING: The server did not provide any stacktrace information)
Command duration or timeout: 680 milliseconds
Build info: version: '2.46.0', revision: '61506a4624b13675f24581e453592342b7485d71', time: '2015-06-04 10:22:50'
System info: host: 'Mitrai-OsandaN', ip: '192.168.200.127', os.name: 'Windows 10', os.arch: 'amd64', os.version: '10.0', java.version: '1.8.0_121'
Driver info: io.appium.java_client.android.AndroidDriver
12:19:16.353 Stacktrace: 
sun.reflect.NativeConstructorAccessorImpl.newInstance0(Native Method)
sun.reflect.NativeConstructorAccessorImpl.newInstance(NativeConstructorAccessorImpl.java:62)
sun.reflect.DelegatingConstructorAccessorImpl.newInstance(DelegatingConstructorAccessorImpl.java:45)
java.lang.reflect.Constructor.newInstance(Constructor.java:423)
org.openqa.selenium.remote.ErrorHandler.createThrowable(ErrorHandler.java:204)
org.openqa.selenium.remote.ErrorHandler.throwIfResponseFailed(ErrorHandler.java:156)
org.openqa.selenium.remote.RemoteWebDriver.execute(RemoteWebDriver.java:605)
io.appium.java_client.DefaultGenericMobileDriver.execute(DefaultGenericMobileDriver.java:27)
io.appium.java_client.AppiumDriver.execute(AppiumDriver.java:1)
io.appium.java_client.android.AndroidDriver.execute(AndroidDriver.java:1)
org.openqa.selenium.remote.RemoteWebDriver.startSession(RemoteWebDriver.java:242)
org.openqa.selenium.remote.RemoteWebDriver.<init>(RemoteWebDriver.java:128)
org.openqa.selenium.remote.RemoteWebDriver.<init>(RemoteWebDriver.java:155)
io.appium.java_client.DefaultGenericMobileDriver.<init>(DefaultGenericMobileDriver.java:22)
io.appium.java_client.AppiumDriver.<init>(AppiumDriver.java:202)
io.appium.java_client.android.AndroidDriver.<init>(AndroidDriver.java:50)
scenarios.AndroidSetup.prepareAndroidForAppium(AndroidSetup.java:57)
scenarios.TestScenario.setUp(TestScenario.java:23)
sun.reflect.NativeMethodAccessorImpl.invoke0(Native Method)
sun.reflect.NativeMethodAccessorImpl.invoke(NativeMethodAccessorImpl.java:62)
sun.reflect.DelegatingMethodAccessorImpl.invoke(DelegatingMethodAccessorImpl.java:43)
java.lang.reflect.Method.invoke(Method.java:498)
com.thoughtworks.gauge.execution.MethodExecutor.execute(MethodExecutor.java:38)
com.thoughtworks.gauge.execution.StepExecutionStage.executeStepMethod(StepExecutionStage.java:132)
com.thoughtworks.gauge.execution.StepExecutionStage.executeStep(StepExecutionStage.java:86)
com.thoughtworks.gauge.execution.StepExecutionStage.execute(StepExecutionStage.java:67)
com.thoughtworks.gauge.execution.AbstractExecutionStage.executeNext(AbstractExecutionStage.java:24)
com.thoughtworks.gauge.execution.HookExecutionStage.execute(HookExecutionStage.java:43)
com.thoughtworks.gauge.execution.ExecutionPipeline.start(ExecutionPipeline.java:29)
com.thoughtworks.gauge.processor.ExecuteStepProcessor.process(ExecuteStepProcessor.java:39)
com.thoughtworks.gauge.connection.MessageDispatcher.dispatchMessages(MessageDispatcher.java:89)
com.thoughtworks.gauge.GaugeRuntime.dispatchMessages(GaugeRuntime.java:104)
com.thoughtworks.gauge.GaugeRuntime.access$100(GaugeRuntime.java:36)
com.thoughtworks.gauge.GaugeRuntime$2.run(GaugeRuntime.java:85)
java.lang.Thread.run(Thread.java:745)
12:19:16.353 * Closing the driver
12:19:16.586 
Failed Step: Closing the driver
12:19:16.586 Specification: specs\SpeakTest.spec:27
12:19:16.586 Error Message: java.lang.NullPointerException
12:19:16.586 Stacktrace: 
scenarios.TestScenario.after(TestScenario.java:52)
sun.reflect.NativeMethodAccessorImpl.invoke0(Native Method)
sun.reflect.NativeMethodAccessorImpl.invoke(NativeMethodAccessorImpl.java:62)
sun.reflect.DelegatingMethodAccessorImpl.invoke(DelegatingMethodAccessorImpl.java:43)
java.lang.reflect.Method.invoke(Method.java:498)
com.thoughtworks.gauge.execution.MethodExecutor.execute(MethodExecutor.java:38)
com.thoughtworks.gauge.execution.StepExecutionStage.executeStepMethod(StepExecutionStage.java:132)
com.thoughtworks.gauge.execution.StepExecutionStage.executeStep(StepExecutionStage.java:86)
com.thoughtworks.gauge.execution.StepExecutionStage.execute(StepExecutionStage.java:67)
com.thoughtworks.gauge.execution.AbstractExecutionStage.executeNext(AbstractExecutionStage.java:24)
com.thoughtworks.gauge.execution.HookExecutionStage.execute(HookExecutionStage.java:43)
com.thoughtworks.gauge.execution.ExecutionPipeline.start(ExecutionPipeline.java:29)
com.thoughtworks.gauge.processor.ExecuteStepProcessor.process(ExecuteStepProcessor.java:39)
com.thoughtworks.gauge.connection.MessageDispatcher.dispatchMessages(MessageDispatcher.java:89)
com.thoughtworks.gauge.GaugeRuntime.dispatchMessages(GaugeRuntime.java:104)
com.thoughtworks.gauge.GaugeRuntime.access$100(GaugeRuntime.java:36)
com.thoughtworks.gauge.GaugeRuntime$2.run(GaugeRuntime.java:85)
java.lang.Thread.run(Thread.java:745)
12:19:16.698 Plugin [Html Report] with pid [5824] has exited
12:19:17.099 Specifications:	1 executed	0 passed	1 failed	0 skipped
12:19:17.099 Scenarios:	1 executed	0 passed	1 failed	0 skipped
12:19:17.099 
Total time taken: 2.138s
13:07:07.452 Checking updates...
13:07:15.469 # Speak Test Specification
13:07:15.471 ## TTS Testing Scenario
13:07:15.474 * Setting up environment to run Android in Appium

13:07:34.688 * Validate that the application can read the text 

     |Text To Speech                        |
     |--------------------------------------|
     |Behavioral Driven Testing using Appium|
     |Mitra Innovation                      |
     |Software Test Automation              |
     |Gauge Framework                       |
     |Selenium Java                         |
13:08:47.200 * Closing the driver
13:08:49.237 Plugin [Html Report] with pid [3480] has exited
13:08:49.338 Specifications:	1 executed	1 passed	0 failed	0 skipped
13:08:49.338 Scenarios:	1 executed	1 passed	0 failed	0 skipped
13:08:49.338 
Total time taken: 1m33.831s
14:19:38.963 Checking updates...
14:19:43.564 # Speak Test Specification
14:19:43.566 ## TTS Testing Scenario
14:19:43.568 * Setting up environment to run Android in Appium

14:21:24.606 # Speak Test Specification
14:21:24.608 ## TTS Testing Scenario
14:21:24.610 * Setting up environment to run Android in Appium

14:21:35.324 * Validate that the application can read the text 

     |Text To Speech                        |
     |--------------------------------------|
     |Behavioral Driven Testing using Appium|
     |Mitra Innovation                      |
     |Software Test Automation              |
     |Gauge Framework                       |
     |Selenium Java                         |
14:21:39.593 Checking updates...
14:22:00.598 Failed to download html-report-install.json file: Get https://downloads.getgauge.io/plugin/html-report?l=java&p=html-report,java&o=windows&a=amd64: dial tcp 65.49.44.130:443: connectex: A connection attempt failed because the connected party did not properly respond after a period of time, or established connection failed because connected host has failed to respond.
14:22:21.749 Failed to download java-install.json file: Get https://downloads.getgauge.io/plugin/java?l=java&p=html-report,java&o=windows&a=amd64: dial tcp 65.49.44.130:443: connectex: A connection attempt failed because the connected party did not properly respond after a period of time, or established connection failed because connected host has failed to respond.
14:22:36.625 * Closing the driver
14:22:38.542 Plugin [Html Report] with pid [3292] has exited
14:22:38.643 Specifications:	1 executed	1 passed	0 failed	0 skipped
14:22:38.643 Scenarios:	1 executed	1 passed	0 failed	0 skipped
14:22:38.643 
Total time taken: 1m13.942s
